build/intermediates/manifest_merge_blame_file/debug/manifest-merger-blame-debug-report.txt
1<?xml version="1.0" encoding="utf-8"?>
2<manifest xmlns:android="http://schemas.android.com/apk/res/android"
3    package="com.pouillos.partagedonneesfournisseur"
4    android:versionCode="1"
5    android:versionName="1.0" >
6
7    <uses-sdk
8        android:minSdkVersion="24"
8-->src\main\AndroidManifest.xml
9        android:targetSdkVersion="28" />
9-->src\main\AndroidManifest.xml
10
11    <application
11-->src\main\AndroidManifest.xml:5:5-28:19
12        android:name="com.pouillos.partagedonneesfournisseur.MyApp"
12-->src\main\AndroidManifest.xml:6:9-30
13        android:allowBackup="true"
13-->src\main\AndroidManifest.xml:7:9-35
14        android:appComponentFactory="androidx.core.app.CoreComponentFactory"
14-->[androidx.core:core:1.3.0] AndroidManifest.xml:24:18-86
15        android:debuggable="true"
16        android:extractNativeLibs="false"
17        android:icon="@mipmap/icons8_export_bdd"
17-->src\main\AndroidManifest.xml:8:9-49
18        android:label="@string/app_name"
18-->src\main\AndroidManifest.xml:9:9-41
19        android:roundIcon="@mipmap/icons8_export_bdd"
19-->src\main\AndroidManifest.xml:10:9-54
20        android:supportsRtl="true"
20-->src\main\AndroidManifest.xml:11:9-35
21        android:testOnly="true"
22        android:theme="@style/AppTheme" >
22-->src\main\AndroidManifest.xml:12:9-40
23        <activity
23-->src\main\AndroidManifest.xml:13:9-19:20
24            android:name="com.pouillos.partagedonneesfournisseur.activities.AccueilActivity"
24-->src\main\AndroidManifest.xml:13:19-61
25            android:windowSoftInputMode="stateHidden" >
25-->src\main\AndroidManifest.xml:14:13-54
26            <intent-filter>
26-->src\main\AndroidManifest.xml:15:13-18:29
27                <action android:name="android.intent.action.MAIN" />
27-->src\main\AndroidManifest.xml:16:17-69
27-->src\main\AndroidManifest.xml:16:25-66
28
29                <category android:name="android.intent.category.LAUNCHER" />
29-->src\main\AndroidManifest.xml:17:17-77
29-->src\main\AndroidManifest.xml:17:27-74
30            </intent-filter>
31        </activity>
32
33        <provider
33-->src\main\AndroidManifest.xml:21:9-27:42
34            android:name="com.pouillos.partagedonneesfournisseur.provider.DonneesContentProvider"
34-->src\main\AndroidManifest.xml:22:13-60
35            android:authorities="com.pouillos.partagedonneesfournisseur.provider"
35-->src\main\AndroidManifest.xml:23:13-82
36            android:enabled="true"
36-->src\main\AndroidManifest.xml:26:13-35
37            android:exported="true"
37-->src\main\AndroidManifest.xml:25:13-36
38            android:multiprocess="true" />
38-->src\main\AndroidManifest.xml:27:13-40
39    </application>
40
41</manifest>